{
  "stats": {
    "suites": 1,
    "tests": 1,
    "passes": 1,
    "pending": 0,
    "failures": 0,
    "start": "2020-09-11T07:28:15.500Z",
    "end": "2020-09-11T07:28:15.523Z",
    "duration": 23,
    "testsRegistered": 1,
    "passPercent": 100,
    "pendingPercent": 0,
    "other": 0,
    "hasOther": false,
    "skipped": 0,
    "hasSkipped": false
  },
  "results": [
    {
      "uuid": "1dc6d1e4-e7d3-4416-bbd0-5350e61ba7a5",
      "title": "",
      "fullFile": "",
      "file": "",
      "beforeHooks": [],
      "afterHooks": [],
      "tests": [],
      "suites": [
        {
          "uuid": "4ccd73cf-6c04-4aeb-af4d-3e83c2d72598",
          "title": "Convert fields array to a string to be used in query",
          "fullFile": "/Users/MAX/Documents/web_dev/my-quick-sql/dist/tests/functions/fieldsToQueryStrings.spec.js",
          "file": "/dist/tests/functions/fieldsToQueryStrings.spec.js",
          "beforeHooks": [],
          "afterHooks": [],
          "tests": [
            {
              "title": "returns a string",
              "fullTitle": "Convert fields array to a string to be used in query returns a string",
              "timedOut": false,
              "duration": 2,
              "state": "passed",
              "speed": "fast",
              "pass": true,
              "fail": false,
              "pending": false,
              "context": null,
              "code": "const result = fieldsToQueryString_1.fieldsToQueryString(table, fields);\nchai_1.expect(result.length).to.be.greaterThan(36);\ndone();",
              "err": {},
              "uuid": "2073519b-4e21-40f2-8d19-f84b20e96d06",
              "parentUUID": "4ccd73cf-6c04-4aeb-af4d-3e83c2d72598",
              "isHook": false,
              "skipped": false
            }
          ],
          "suites": [],
          "passes": [
            "2073519b-4e21-40f2-8d19-f84b20e96d06"
          ],
          "failures": [],
          "pending": [],
          "skipped": [],
          "duration": 2,
          "root": false,
          "rootEmpty": false,
          "_timeout": 2000
        }
      ],
      "passes": [],
      "failures": [],
      "pending": [],
      "skipped": [],
      "duration": 0,
      "root": true,
      "rootEmpty": true,
      "_timeout": 2000
    }
  ],
  "meta": {
    "mocha": {
      "version": "8.1.0"
    },
    "mochawesome": {
      "options": {
        "quiet": false,
        "reportFilename": "mochawesome",
        "saveHtml": true,
        "saveJson": true,
        "consoleReporter": "spec",
        "useInlineDiffs": false,
        "code": true
      },
      "version": "6.1.1"
    },
    "marge": {
      "options": null,
      "version": "5.1.0"
    }
  }
}